#
# There is insufficient memory for the Java Runtime Environment to continue.
# Native memory allocation (mmap) failed to map 65536 bytes. Error detail: Failed to commit metaspace.
# Possible reasons:
#   The system is out of physical RAM or swap space
#   This process is running with CompressedOops enabled, and the Java Heap may be blocking the growth of the native heap
# Possible solutions:
#   Reduce memory load on the system
#   Increase physical memory or swap space
#   Check if swap backing store is full
#   Decrease Java heap size (-Xmx/-Xms)
#   Decrease number of Java threads
#   Decrease Java thread stack sizes (-Xss)
#   Set larger code cache with -XX:ReservedCodeCacheSize=
#   JVM is running with Unscaled Compressed Oops mode in which the Java heap is
#     placed in the first 4GB address space. The Java Heap base address is the
#     maximum limit for the native heap growth. Please use -XX:HeapBaseMinAddress
#     to set the Java Heap base and to place the Java Heap above 4GB virtual address.
# This output file may be truncated or incomplete.
#
#  Out of Memory Error (virtualSpaceNode.cpp:113), pid=3452, tid=5240
#
# JRE version:  (21.0.10+7) (build )
# Java VM: OpenJDK 64-Bit Server VM (21.0.10+7-LTS, mixed mode, tiered, compressed oops, compressed class ptrs, parallel gc, windows-amd64)
# No core dump will be written. Minidumps are not enabled by default on client versions of Windows
#

---------------  S U M M A R Y ------------

Command Line: --add-modules=ALL-SYSTEM --add-opens=java.base/java.util=ALL-UNNAMED --add-opens=java.base/java.lang=ALL-UNNAMED --add-opens=java.base/sun.nio.fs=ALL-UNNAMED -Declipse.application=org.eclipse.jdt.ls.core.id1 -Dosgi.bundles.defaultStartLevel=4 -Declipse.product=org.eclipse.jdt.ls.core.product -Djava.import.generatesMetadataFilesAtProjectRoot=false -DDetectVMInstallationsJob.disabled=true -Dfile.encoding=utf8 -XX:+UseParallelGC -XX:GCTimeRatio=4 -XX:AdaptiveSizePolicyWeight=90 -Dsun.zip.disableMemoryMapping=true -Xmx2G -Xms100m -Xlog:disable -javaagent:c:\Users\kshit\.vscode\extensions\redhat.java-1.53.0-win32-x64\lombok\lombok-1.18.39-4050.jar -XX:+HeapDumpOnOutOfMemoryError -XX:HeapDumpPath=c:\Users\kshit\AppData\Roaming\Code\User\workspaceStorage\e510028d5df71842bf0e9f30dc2a0a42\redhat.java -Daether.dependencyCollector.impl=bf c:\Users\kshit\.vscode\extensions\redhat.java-1.53.0-win32-x64\server\plugins\org.eclipse.equinox.launcher_1.7.100.v20251111-0406.jar -configuration c:\Users\kshit\AppData\Roaming\Code\User\globalStorage\redhat.java\1.53.0\config_win -data c:\Users\kshit\AppData\Roaming\Code\User\workspaceStorage\e510028d5df71842bf0e9f30dc2a0a42\redhat.java\jdt_ws --pipe=\\.\pipe\lsp-f06df99f87495832dd9aa39eea22db2c-sock

Host: 11th Gen Intel(R) Core(TM) i5-1135G7 @ 2.40GHz, 8 cores, 7G,  Windows 11 , 64 bit Build 26100 (10.0.26100.7920)
Time: Sat Apr 18 21:07:42 2026 India Standard Time elapsed time: 0.129342 seconds (0d 0h 0m 0s)

---------------  T H R E A D  ---------------

Current thread (0x00000194c0c7d520):  JavaThread "Unknown thread" [_thread_in_vm, id=5240, stack(0x0000001e7bb00000,0x0000001e7bc00000) (1024K)]

Stack: [0x0000001e7bb00000,0x0000001e7bc00000]
Native frames: (J=compiled Java code, j=interpreted, Vv=VM code, C=native code)
V  [jvm.dll+0x6d7a39]
V  [jvm.dll+0x8b4b26]
V  [jvm.dll+0x8b70de]
V  [jvm.dll+0x8b77c3]
V  [jvm.dll+0x284346]
V  [jvm.dll+0x8b086e]
V  [jvm.dll+0x679444]
V  [jvm.dll+0x6794aa]
V  [jvm.dll+0x67bca6]
V  [jvm.dll+0x67bb72]
V  [jvm.dll+0x679e1e]
V  [jvm.dll+0x26e1f0]
V  [jvm.dll+0x684085]
V  [jvm.dll+0x21955e]
V  [jvm.dll+0x219a05]
V  [jvm.dll+0x21a3f8]
V  [jvm.dll+0x20f62e]
V  [jvm.dll+0x5b644f]
V  [jvm.dll+0x22168e]
V  [jvm.dll+0x82e12d]
V  [jvm.dll+0x82f15b]
V  [jvm.dll+0x82f724]
V  [jvm.dll+0x82f3b8]
V  [jvm.dll+0x8b2ad8]
V  [jvm.dll+0x8b28b6]
V  [jvm.dll+0x87d0d7]
V  [jvm.dll+0x87e9fd]
V  [jvm.dll+0x3c49a9]
V  [jvm.dll+0x867e6b]
V  [jvm.dll+0x457b31]
V  [jvm.dll+0x459721]
C  [jli.dll+0x52d0]
C  [ucrtbase.dll+0x37b0]
C  [KERNEL32.DLL+0x2e8d7]
C  [ntdll.dll+0x8c48c]


---------------  P R O C E S S  ---------------

Threads class SMR info:
_java_thread_list=0x00000194c0ce7430, length=1, elements={
0x00000194c0c7d520
}

Java Threads: ( => current thread )
=>0x00000194c0c7d520 JavaThread "Unknown thread"             [_thread_in_vm, id=5240, stack(0x0000001e7bb00000,0x0000001e7bc00000) (1024K)]
Total: 1

Other Threads:
  0x00000194c0ce9d40 WatcherThread "VM Periodic Task Thread"        [id=13596, stack(0x0000001e7bd00000,0x0000001e7be00000) (1024K)]
  0x00000194c0c9cbc0 WorkerThread "GC Thread#0"                     [id=2416, stack(0x0000001e7bc00000,0x0000001e7bd00000) (1024K)]
Total: 2

Threads with active compile tasks:
Total: 0

VM state: not at safepoint (not fully initialized)

VM Mutex/Monitor currently owned by a thread:  ([mutex/lock_event])
[0x00007fff93c3c4e0] Metaspace_lock - owner thread: 0x00000194c0c7d520

Heap address: 0x0000000080000000, size: 2048 MB, Compressed Oops mode: 32-bit

CDS archive(s) not mapped
Compressed class space mapped at: 0x0000000100000000-0x0000000140000000, reserved size: 1073741824
Narrow klass base: 0x0000000000000000, Narrow klass shift: 3, Narrow klass range: 0x140000000

GC Precious Log:
 CardTable entry size: 512
 CPUs: 8 total, 8 available
 Memory: 7975M
 Large Page Support: Disabled
 NUMA Support: Disabled
 Compressed Oops: Enabled (32-bit)
 Alignments: Space 512K, Generation 512K, Heap 2M
 Heap Min Capacity: 100M
 Heap Initial Capacity: 100M
 Heap Max Capacity: 2G
 Pre-touch: Disabled
 Parallel Workers: 8

Heap:
 PSYoungGen      total 29696K, used 512K [0x00000000d5580000, 0x00000000d7680000, 0x0000000100000000)
  eden space 25600K, 2% used [0x00000000d5580000,0x00000000d5600070,0x00000000d6e80000)
  from space 4096K, 0% used [0x00000000d7280000,0x00000000d7280000,0x00000000d7680000)
  to   space 4096K, 0% used [0x00000000d6e80000,0x00000000d6e80000,0x00000000d7280000)
 ParOldGen       total 68608K, used 0K [0x0000000080000000, 0x0000000084300000, 0x00000000d5580000)
  object space 68608K, 0% used [0x0000000080000000,0x0000000080000000,0x0000000084300000)
 Metaspace       used 837K, committed 896K, reserved 1114112K
  class space    used 69K, committed 128K, reserved 1048576K

Card table byte_map: [0x00000194c0620000,0x00000194c0a30000] _byte_map_base: 0x00000194c0220000

Marking Bits: (ParMarkBitMap*) 0x00007fff93c43450
 Begin Bits: [0x00000194d3130000, 0x00000194d5130000)
 End Bits:   [0x00000194d5130000, 0x00000194d7130000)

GC Heap History (0 events):
No events

Dll operation events (2 events):
Event: 0.013 Loaded shared library c:\Users\kshit\.vscode\extensions\redhat.java-1.53.0-win32-x64\jre\21.0.10-win32-x86_64\bin\java.dll
Event: 0.086 Loaded shared library c:\Users\kshit\.vscode\extensions\redhat.java-1.53.0-win32-x64\jre\21.0.10-win32-x86_64\bin\zip.dll

Deoptimization events (0 events):
No events

Classes loaded (20 events):
Event: 0.124 Loading class jdk/internal/foreign/abi/ABIDescriptor done
Event: 0.124 Loading class jdk/internal/foreign/abi/VMStorage
Event: 0.124 Loading class jdk/internal/foreign/abi/VMStorage done
Event: 0.124 Loading class jdk/internal/foreign/abi/UpcallLinker$CallRegs
Event: 0.124 Loading class jdk/internal/foreign/abi/UpcallLinker$CallRegs done
Event: 0.124 Loading class java/lang/invoke/ConstantCallSite
Event: 0.124 Loading class java/lang/invoke/ConstantCallSite done
Event: 0.124 Loading class java/lang/invoke/MutableCallSite
Event: 0.124 Loading class java/lang/invoke/MutableCallSite done
Event: 0.124 Loading class java/lang/invoke/VolatileCallSite
Event: 0.124 Loading class java/lang/invoke/VolatileCallSite done
Event: 0.124 Loading class java/lang/AssertionStatusDirectives
Event: 0.124 Loading class java/lang/AssertionStatusDirectives done
Event: 0.124 Loading class java/lang/StringBuffer
Event: 0.125 Loading class java/lang/Appendable
Event: 0.125 Loading class java/lang/Appendable done
Event: 0.125 Loading class java/lang/AbstractStringBuilder
Event: 0.125 Loading class java/lang/AbstractStringBuilder done
Event: 0.125 Loading class java/lang/StringBuffer done
Event: 0.125 Loading class java/lang/StringBuilder

Classes unloaded (0 events):
No events

Classes redefined (0 events):
No events

Internal exceptions (0 events):
No events

ZGC Phase Switch (0 events):
No events

VM Operations (0 events):
No events

Memory protections (0 events):
No events

Nmethod flushes (0 events):
No events

Events (1 events):
Event: 0.032 Thread 0x00000194c0c7d520 Thread added: 0x00000194c0c7d520


Dynamic libraries:
0x00007ff792e30000 - 0x00007ff792e3e000 	c:\Users\kshit\.vscode\extensions\redhat.java-1.53.0-win32-x64\jre\21.0.10-win32-x86_64\bin\java.exe
0x00007ff8a6fa0000 - 0x00007ff8a7207000 	C:\WINDOWS\SYSTEM32\ntdll.dll
0x00007ff8a57a0000 - 0x00007ff8a5869000 	C:\WINDOWS\System32\KERNEL32.DLL
0x00007ff8a40d0000 - 0x00007ff8a44c1000 	C:\WINDOWS\System32\KERNELBASE.dll
0x00007ff85dc80000 - 0x00007ff85dc98000 	c:\Users\kshit\.vscode\extensions\redhat.java-1.53.0-win32-x64\jre\21.0.10-win32-x86_64\bin\jli.dll
0x00007ff864c20000 - 0x00007ff864c3e000 	c:\Users\kshit\.vscode\extensions\redhat.java-1.53.0-win32-x64\jre\21.0.10-win32-x86_64\bin\VCRUNTIME140.dll
0x00007ff8a39b0000 - 0x00007ff8a3afb000 	C:\WINDOWS\System32\ucrtbase.dll
0x00007ff8a5870000 - 0x00007ff8a5a35000 	C:\WINDOWS\System32\USER32.dll
0x00007ff88c720000 - 0x00007ff88c9b3000 	C:\WINDOWS\WinSxS\amd64_microsoft.windows.common-controls_6595b64144ccf1df_6.0.26100.8037_none_3e092faae333b53b\COMCTL32.dll
0x00007ff8a3cf0000 - 0x00007ff8a3d17000 	C:\WINDOWS\System32\win32u.dll
0x00007ff8a56d0000 - 0x00007ff8a56fb000 	C:\WINDOWS\System32\GDI32.dll
0x00007ff8a6e50000 - 0x00007ff8a6ef9000 	C:\WINDOWS\System32\msvcrt.dll
0x00007ff8a3880000 - 0x00007ff8a39ab000 	C:\WINDOWS\System32\gdi32full.dll
0x00007ff8a3bb0000 - 0x00007ff8a3c53000 	C:\WINDOWS\System32\msvcp_win.dll
0x00007ff8a6320000 - 0x00007ff8a6351000 	C:\WINDOWS\System32\IMM32.DLL
0x00007ff86d470000 - 0x00007ff86d47c000 	c:\Users\kshit\.vscode\extensions\redhat.java-1.53.0-win32-x64\jre\21.0.10-win32-x86_64\bin\vcruntime140_1.dll
0x00007fff99ce0000 - 0x00007fff99d6d000 	c:\Users\kshit\.vscode\extensions\redhat.java-1.53.0-win32-x64\jre\21.0.10-win32-x86_64\bin\msvcp140.dll
0x00007fff92f80000 - 0x00007fff93d21000 	c:\Users\kshit\.vscode\extensions\redhat.java-1.53.0-win32-x64\jre\21.0.10-win32-x86_64\bin\server\jvm.dll
0x00007ff8a6520000 - 0x00007ff8a65db000 	C:\WINDOWS\System32\ADVAPI32.dll
0x00007ff8a5a40000 - 0x00007ff8a5ae7000 	C:\WINDOWS\System32\sechost.dll
0x00007ff8a4d40000 - 0x00007ff8a4e58000 	C:\WINDOWS\System32\RPCRT4.dll
0x00007ff8a6dd0000 - 0x00007ff8a6e44000 	C:\WINDOWS\System32\WS2_32.dll
0x00007ff899d40000 - 0x00007ff899d4b000 	C:\WINDOWS\SYSTEM32\VERSION.dll
0x00007ff8a0990000 - 0x00007ff8a09c5000 	C:\WINDOWS\SYSTEM32\WINMM.dll
0x00007ff8a36e0000 - 0x00007ff8a373e000 	C:\WINDOWS\SYSTEM32\POWRPROF.dll
0x00007ff8a36c0000 - 0x00007ff8a36d4000 	C:\WINDOWS\SYSTEM32\UMPDC.dll
0x00007ff8a2610000 - 0x00007ff8a262b000 	C:\WINDOWS\SYSTEM32\kernel.appcore.dll
0x00007ff867890000 - 0x00007ff86789a000 	c:\Users\kshit\.vscode\extensions\redhat.java-1.53.0-win32-x64\jre\21.0.10-win32-x86_64\bin\jimage.dll
0x00007ff8a16e0000 - 0x00007ff8a1922000 	C:\WINDOWS\SYSTEM32\DBGHELP.DLL
0x00007ff8a6a40000 - 0x00007ff8a6dc2000 	C:\WINDOWS\System32\combase.dll
0x00007ff8a5d10000 - 0x00007ff8a5de7000 	C:\WINDOWS\System32\OLEAUT32.dll
0x00007ff8a0950000 - 0x00007ff8a098b000 	C:\WINDOWS\SYSTEM32\dbgcore.DLL
0x00007ff8a3b00000 - 0x00007ff8a3ba5000 	C:\WINDOWS\System32\bcryptPrimitives.dll
0x00007ff861f20000 - 0x00007ff861f2f000 	c:\Users\kshit\.vscode\extensions\redhat.java-1.53.0-win32-x64\jre\21.0.10-win32-x86_64\bin\instrument.dll
0x00007ff859730000 - 0x00007ff859750000 	c:\Users\kshit\.vscode\extensions\redhat.java-1.53.0-win32-x64\jre\21.0.10-win32-x86_64\bin\java.dll
0x00007ff858ee0000 - 0x00007ff858ef8000 	c:\Users\kshit\.vscode\extensions\redhat.java-1.53.0-win32-x64\jre\21.0.10-win32-x86_64\bin\zip.dll

JVMTI agents:
c:\Users\kshit\.vscode\extensions\redhat.java-1.53.0-win32-x64\lombok\lombok-1.18.39-4050.jar path:none, loaded, not initialized, instrumentlib options:none

dbghelp: loaded successfully - version: 4.0.5 - missing functions: none
symbol engine: initialized successfully - sym options: 0x614 - pdb path: .;c:\Users\kshit\.vscode\extensions\redhat.java-1.53.0-win32-x64\jre\21.0.10-win32-x86_64\bin;C:\WINDOWS\SYSTEM32;C:\WINDOWS\WinSxS\amd64_microsoft.windows.common-controls_6595b64144ccf1df_6.0.26100.8037_none_3e092faae333b53b;c:\Users\kshit\.vscode\extensions\redhat.java-1.53.0-win32-x64\jre\21.0.10-win32-x86_64\bin\server

VM Arguments:
jvm_args: --add-modules=ALL-SYSTEM --add-opens=java.base/java.util=ALL-UNNAMED --add-opens=java.base/java.lang=ALL-UNNAMED --add-opens=java.base/sun.nio.fs=ALL-UNNAMED -Declipse.application=org.eclipse.jdt.ls.core.id1 -Dosgi.bundles.defaultStartLevel=4 -Declipse.product=org.eclipse.jdt.ls.core.product -Djava.import.generatesMetadataFilesAtProjectRoot=false -DDetectVMInstallationsJob.disabled=true -Dfile.encoding=utf8 -XX:+UseParallelGC -XX:GCTimeRatio=4 -XX:AdaptiveSizePolicyWeight=90 -Dsun.zip.disableMemoryMapping=true -Xmx2G -Xms100m -Xlog:disable -javaagent:c:\Users\kshit\.vscode\extensions\redhat.java-1.53.0-win32-x64\lombok\lombok-1.18.39-4050.jar -XX:+HeapDumpOnOutOfMemoryError -XX:HeapDumpPath=c:\Users\kshit\AppData\Roaming\Code\User\workspaceStorage\e510028d5df71842bf0e9f30dc2a0a42\redhat.java -Daether.dependencyCollector.impl=bf 
java_command: c:\Users\kshit\.vscode\extensions\redhat.java-1.53.0-win32-x64\server\plugins\org.eclipse.equinox.launcher_1.7.100.v20251111-0406.jar -configuration c:\Users\kshit\AppData\Roaming\Code\User\globalStorage\redhat.java\1.53.0\config_win -data c:\Users\kshit\AppData\Roaming\Code\User\workspaceStorage\e510028d5df71842bf0e9f30dc2a0a42\redhat.java\jdt_ws --pipe=\\.\pipe\lsp-f06df99f87495832dd9aa39eea22db2c-sock
java_class_path (initial): c:\Users\kshit\.vscode\extensions\redhat.java-1.53.0-win32-x64\server\plugins\org.eclipse.equinox.launcher_1.7.100.v20251111-0406.jar
Launcher Type: SUN_STANDARD

[Global flags]
    uintx AdaptiveSizePolicyWeight                 = 90                                        {product} {command line}
     intx CICompilerCount                          = 4                                         {product} {ergonomic}
    uintx GCTimeRatio                              = 4                                         {product} {command line}
     bool HeapDumpOnOutOfMemoryError               = true                                   {manageable} {command line}
    ccstr HeapDumpPath                             = c:\Users\kshit\AppData\Roaming\Code\User\workspaceStorage\e510028d5df71842bf0e9f30dc2a0a42\redhat.java         {manageable} {command line}
   size_t InitialHeapSize                          = 104857600                                 {product} {command line}
   size_t MaxHeapSize                              = 2147483648                                {product} {command line}
   size_t MaxNewSize                               = 715653120                                 {product} {ergonomic}
   size_t MinHeapDeltaBytes                        = 524288                                    {product} {ergonomic}
   size_t MinHeapSize                              = 104857600                                 {product} {command line}
   size_t NewSize                                  = 34603008                                  {product} {ergonomic}
    uintx NonNMethodCodeHeapSize                   = 5839372                                {pd product} {ergonomic}
    uintx NonProfiledCodeHeapSize                  = 122909434                              {pd product} {ergonomic}
   size_t OldSize                                  = 70254592                                  {product} {ergonomic}
    uintx ProfiledCodeHeapSize                     = 122909434                              {pd product} {ergonomic}
    uintx ReservedCodeCacheSize                    = 251658240                              {pd product} {ergonomic}
     bool SegmentedCodeCache                       = true                                      {product} {ergonomic}
   size_t SoftMaxHeapSize                          = 2147483648                             {manageable} {ergonomic}
     bool UseCompressedOops                        = true                           {product lp64_product} {ergonomic}
     bool UseLargePagesIndividualAllocation        = false                                  {pd product} {ergonomic}
     bool UseParallelGC                            = true                                      {product} {command line}

Logging:
Log output configuration:
 #0: stdout all=off uptime,level,tags foldmultilines=false
 #1: stderr all=off uptime,level,tags foldmultilines=false

Release file:
<release file has not been read>
Environment Variables:
PATH=C:\Users\kshit\AppData\Local\Programs\Microsoft VS Code;C:\WINDOWS\system32;C:\WINDOWS;C:\WINDOWS\System32\Wbem;C:\WINDOWS\System32\WindowsPowerShell\v1.0\;C:\WINDOWS\System32\OpenSSH\;C:\msys64\mingw64\bin;C:\msys64\mingw32\bin;C:\MinGW\bin;C:\Program Files\Docker\Docker\resources\bin;C:\Program Files\dotnet\;C:\Program Files\Git\cmd;C:\Program Files\Git\mingw64\bin;C:\Program Files\Git\usr\bin;C:\Users\kshit\AppData\Local\Programs\Python\Python313\Scripts\;C:\Users\kshit\AppData\Local\Programs\Python\Python313\;C:\Users\kshit\AppData\Local\Microsoft\WindowsApps;C:\Users\kshit\AppData\Local\Programs\Microsoft VS Code\bin
USERNAME=kshit
OS=Windows_NT
PROCESSOR_IDENTIFIER=Intel64 Family 6 Model 140 Stepping 1, GenuineIntel
TMP=C:\Users\kshit\AppData\Local\Temp
TEMP=C:\Users\kshit\AppData\Local\Temp




Periodic native trim disabled

---------------  S Y S T E M  ---------------

OS:
 Windows 11 , 64 bit Build 26100 (10.0.26100.7920)
OS uptime: 11 days 13:51 hours
Hyper-V role detected

CPU: total 8 (initial active 8) (4 cores per cpu, 2 threads per core) family 6 model 140 stepping 1 microcode 0x8a, cx8, cmov, fxsr, ht, mmx, 3dnowpref, sse, sse2, sse3, ssse3, sse4.1, sse4.2, popcnt, lzcnt, tsc, tscinvbit, avx, avx2, aes, erms, clmul, bmi1, bmi2, adx, avx512f, avx512dq, avx512cd, avx512bw, avx512vl, sha, fma, vzeroupper, avx512_vpopcntdq, avx512_vpclmulqdq, avx512_vaes, avx512_vnni, clflush, clflushopt, clwb, avx512_vbmi2, avx512_vbmi, hv, rdtscp, rdpid, fsrm, gfni, avx512_bitalg, f16c, cet_ibt, cet_ss, avx512_ifma
Processor Information for the first 8 processors :
  Max Mhz: 2419, Current Mhz: 2419, Mhz Limit: 2419

Memory: 4k page, system-wide physical 7975M (791M free)
TotalPageFile size 15130M (AvailPageFile size 0M)
current process WorkingSet (physical memory assigned to process): 17M, peak: 17M
current process commit charge ("private bytes"): 182M, peak: 184M

vm_info: OpenJDK 64-Bit Server VM (21.0.10+7-LTS) for windows-amd64 JRE (21.0.10+7-LTS), built on 2026-01-20T00:00:00Z by "admin" with MS VC++ 17.12 (VS2022)

END.
